[2025-10-20 22:25:45] [INFO] [assembler.py] Assembly started with program text:
|	ldi $r0 0x0040          #$v0
|	ldi $r1 0x0101          #$v1 
|	sl $r1 4
|	ldi $r2 0x000f          #$v2
|	ldi $r3 0x00f0          #$v3
|	ldi $r4 0x0000          #$t0
|	ldi $r5 0x0010          #$a0
|	ldi $r6 0x0005          #$a1
|	
|	LO: move $r6 $r6        
|	brnz EXIT                                       # while $a1 > 0
|	
|	        subi $r6 1                              # $a1 -= 1
|	        ldr $r4 $r6                             # $t0 = Mem[$a0]
|	
|	        subi $r4 0x0100
|	        brp THEN
|	        brnz ELSE                               # if ($t0 > 0100hex)
|	
|	                THEN: 
|	                        divi $r0 8              # $v0 /= 8
|	                        or $r1 $r1 $r0          # $v3 |= $v2
|	                        sti $r5 0x00ff             
|	                        sl $r5 8                # Mem[$a0] = FF00hex;
|	                        jmp FI
|	                ELSE: 
|	                        muli $r2 4
|	                        xor $r3 $r3 $r2
|	                        sti $r5 0x00ff
|	                        jmp FI
|	        FI: addi $r5 2
|	        jmp LO
|	
|	EXIT: halt
[2025-10-20 22:25:45] [INFO] [assembler.py] Program text formatted. Result:
|	ldi $r0 0x0040
|	ldi $r1 0x0101
|	sl $r1 4
|	ldi $r2 0x000f
|	ldi $r3 0x00f0
|	ldi $r4 0x0000
|	ldi $r5 0x0010
|	ldi $r6 0x0005
|	LO: move $r6 $r6
|	brnz EXIT
|	subi $r6 1
|	ldr $r4 $r6
|	subi $r4 0x0100
|	brp THEN
|	brnz ELSE
|	THEN: divi $r0 8
|	or $r1 $r1 $r0
|	sti $r5 0x00ff
|	sl $r5 8
|	jmp FI
|	ELSE: muli $r2 4
|	xor $r3 $r3 $r2
|	sti $r5 0x00ff
|	jmp FI
|	FI: addi $r5 2
|	jmp LO
|	EXIT: halt
[2025-10-20 22:25:45] [INFO] [assembler.py] Translation first pass complete. First pass translation table:
|	[['1100', '000', '001000000'], ['1100', '001', '100000001'], ['0111', '001', '000000100'], ['1100', '010', '000001111'], ['1100', '011', '011110000'], ['1100', '100', '000000000'], ['1100', '101', '000010000'], ['1100', '110', '000000101'], ['1010', '110', '110', '000', '000'], ['0000', '110', 'EXIT'], ['0100', '110', '000000001'], ['1010', '100', '110', '000', '001'], ['0100', '100', '100000000'], ['0000', '001', 'THEN'], ['0000', '110', 'ELSE'], ['0110', '000', '000001000'], ['0010', '001', '001', '000', '010'], ['1011', '101', '011111111'], ['0111', '101', '000001000'], ['1111', 'FI'], ['0101', '010', '000000100'], ['0010', '011', '011', '010', '011'], ['1011', '101', '011111111'], ['1111', 'FI'], ['0011', '101', '000000010'], ['1111', 'LO'], ['1010', '000', '000', '000', '111']]
[2025-10-20 22:25:45] [INFO] [assembler.py] Label LUT:
|	[[8, 'LO'], [15, 'THEN'], [20, 'ELSE'], [24, 'FI'], [26, 'EXIT']]
[2025-10-20 22:25:45] [INFO] [assembler.py] Label linking complete. Merging translation table to binary...
[2025-10-20 22:25:45] [INFO] [assembler.py] Merge complete. Binary string is: 110000000100000011000011000000010111001000000100110001000000111111000110111100001100100000000000110010100001000011001100000001011010110110000000000011000001111001001100000000011010100110000001010010010000000000000010000000000000110000001000011000000000100000100010010000101011101011111111011110100000100011110000000001100101010000000100001001101101001110111010111111111111111111111110001110100000001011111111110110101010000000000111
[2025-10-21 07:13:23] [INFO] [assembler.py] Assembly started with program text:
|	ldi $r0 0x0040          #$v0
|	ldi $r1 0x0101          #$v1 
|	sl $r1 4
|	ldi $r2 0x000f          #$v2
|	ldi $r3 0x00f0          #$v3
|	ldi $r4 0x0000          #$t0
|	ldi $r5 0x0010          #$a0
|	ldi $r6 0x0005          #$a1
|	
|	LO: move $r6 $r6        
|	brnz EXIT                                       # while $a1 > 0
|	
|	        subi $r6 1                              # $a1 -= 1
|	        ldr $r4 $r6                             # $t0 = Mem[$a0]
|	
|	        subi $r4 0x0100
|	        brp THEN
|	        brnz ELSE                               # if ($t0 > 0100hex)
|	
|	                THEN: 
|	                        divi $r0 8              # $v0 /= 8
|	                        or $r1 $r1 $r0          # $v3 |= $v2
|	                        sti $r5 0x00ff             
|	                        sl $r5 8                # Mem[$a0] = FF00hex;
|	                        jmp FI
|	                ELSE: 
|	                        muli $r2 4
|	                        xor $r3 $r3 $r2
|	                        sti $r5 0x00ff
|	                        jmp FI
|	        FI: addi $r5 2
|	        jmp LO
|	
|	EXIT: halt
[2025-10-21 07:13:23] [INFO] [assembler.py] Program text formatted. Result:
|	ldi $r0 0x0040
|	ldi $r1 0x0101
|	sl $r1 4
|	ldi $r2 0x000f
|	ldi $r3 0x00f0
|	ldi $r4 0x0000
|	ldi $r5 0x0010
|	ldi $r6 0x0005
|	LO: move $r6 $r6
|	brnz EXIT
|	subi $r6 1
|	ldr $r4 $r6
|	subi $r4 0x0100
|	brp THEN
|	brnz ELSE
|	THEN: divi $r0 8
|	or $r1 $r1 $r0
|	sti $r5 0x00ff
|	sl $r5 8
|	jmp FI
|	ELSE: muli $r2 4
|	xor $r3 $r3 $r2
|	sti $r5 0x00ff
|	jmp FI
|	FI: addi $r5 2
|	jmp LO
|	EXIT: halt
[2025-10-21 07:13:23] [INFO] [assembler.py] Translation first pass complete. First pass translation table:
|	[['1100', '000', '001000000'], ['1100', '001', '100000001'], ['0111', '001', '000000100'], ['1100', '010', '000001111'], ['1100', '011', '011110000'], ['1100', '100', '000000000'], ['1100', '101', '000010000'], ['1100', '110', '000000101'], ['1010', '110', '110', '000', '000'], ['0000', '110', 'EXIT'], ['0100', '110', '000000001'], ['1010', '100', '110', '000', '001'], ['0100', '100', '100000000'], ['0000', '001', 'THEN'], ['0000', '110', 'ELSE'], ['0110', '000', '000001000'], ['0010', '001', '001', '000', '010'], ['1011', '101', '011111111'], ['0111', '101', '000001000'], ['1111', 'FI'], ['0101', '010', '000000100'], ['0010', '011', '011', '010', '011'], ['1011', '101', '011111111'], ['1111', 'FI'], ['0011', '101', '000000010'], ['1111', 'LO'], ['1010', '000', '000', '000', '111']]
[2025-10-21 07:13:23] [INFO] [assembler.py] Label LUT:
|	[[8, 'LO'], [15, 'THEN'], [20, 'ELSE'], [24, 'FI'], [26, 'EXIT']]
[2025-10-21 07:13:23] [INFO] [assembler.py] Label linking complete. Merging translation table to binary...
[2025-10-21 07:13:23] [INFO] [assembler.py] Merge complete. Binary string is: 110000000100000011000011000000010111001000000100110001000000111111000110111100001100100000000000110010100001000011001100000001011010110110000000000011000001111001001100000000011010100110000001010010010000000000000010000000000000110000001000011000000000100000100010010000101011101011111111011110100000100011110000000001100101010000000100001001101101001110111010111111111111111111111110001110100000001011111111110110101010000000000111
[2025-10-21 07:13:47] [INFO] [assembler.py] Assembly started with program text:
|	ldi $r0 0x0040          #$v0
|	ldi $r1 0x0101          #$v1 
|	sl $r1 4
|	ldi $r2 0x000f          #$v2
|	ldi $r3 0x00f0          #$v3
|	ldi $r4 0x0000          #$t0
|	ldi $r5 0x0010          #$a0
|	ldi $r6 0x0005          #$a1
|	
|	LO: move $r6 $r6        
|	brnz EXIT                                       # while $a1 > 0
|	
|	        subi $r6 1                              # $a1 -= 1
|	        ldr $r4 $r6                             # $t0 = Mem[$a0]
|	
|	        subi $r4 0x0100
|	        brp THEN
|	        brnz ELSE                               # if ($t0 > 0100hex)
|	
|	                THEN: 
|	                        divi $r0 8              # $v0 /= 8
|	                        or $r1 $r1 $r0          # $v3 |= $v2
|	                        sti $r5 0x00ff             
|	                        sl $r5 8                # Mem[$a0] = FF00hex;
|	                        jmp FI
|	                ELSE: 
|	                        muli $r2 4
|	                        xor $r3 $r3 $r2
|	                        sti $r5 0x00ff
|	                        jmp FI
|	        FI: addi $r5 2
|	        jmp LO
|	
|	EXIT: halt
[2025-10-21 07:13:47] [INFO] [assembler.py] Program text formatted. Result:
|	ldi $r0 0x0040
|	ldi $r1 0x0101
|	sl $r1 4
|	ldi $r2 0x000f
|	ldi $r3 0x00f0
|	ldi $r4 0x0000
|	ldi $r5 0x0010
|	ldi $r6 0x0005
|	LO: move $r6 $r6
|	brnz EXIT
|	subi $r6 1
|	ldr $r4 $r6
|	subi $r4 0x0100
|	brp THEN
|	brnz ELSE
|	THEN: divi $r0 8
|	or $r1 $r1 $r0
|	sti $r5 0x00ff
|	sl $r5 8
|	jmp FI
|	ELSE: muli $r2 4
|	xor $r3 $r3 $r2
|	sti $r5 0x00ff
|	jmp FI
|	FI: addi $r5 2
|	jmp LO
|	EXIT: halt
[2025-10-21 07:13:47] [INFO] [assembler.py] Translation first pass complete. First pass translation table:
|	[['1100', '000', '001000000'], ['1100', '001', '100000001'], ['0111', '001', '000000100'], ['1100', '010', '000001111'], ['1100', '011', '011110000'], ['1100', '100', '000000000'], ['1100', '101', '000010000'], ['1100', '110', '000000101'], ['1010', '110', '110', '000', '000'], ['0000', '110', 'EXIT'], ['0100', '110', '000000001'], ['1010', '100', '110', '000', '001'], ['0100', '100', '100000000'], ['0000', '001', 'THEN'], ['0000', '110', 'ELSE'], ['0110', '000', '000001000'], ['0010', '001', '001', '000', '010'], ['1011', '101', '011111111'], ['0111', '101', '000001000'], ['1111', 'FI'], ['0101', '010', '000000100'], ['0010', '011', '011', '010', '011'], ['1011', '101', '011111111'], ['1111', 'FI'], ['0011', '101', '000000010'], ['1111', 'LO'], ['1010', '000', '000', '000', '111']]
[2025-10-21 07:13:47] [INFO] [assembler.py] Label LUT:
|	[[8, 'LO'], [15, 'THEN'], [20, 'ELSE'], [24, 'FI'], [26, 'EXIT']]
[2025-10-21 07:13:47] [INFO] [assembler.py] Label linking complete. Merging translation table to binary...
[2025-10-21 07:13:47] [INFO] [assembler.py] Merge complete. Binary string is: 110000000100000011000011000000010111001000000100110001000000111111000110111100001100100000000000110010100001000011001100000001011010110110000000000011000001111001001100000000011010100110000001010010010000000000000010000000000000110000001000011000000000100000100010010000101011101011111111011110100000100011110000000001100101010000000100001001101101001110111010111111111111111111111110001110100000001011111111110110101010000000000111
[2025-10-21 07:14:48] [INFO] [assembler.py] Assembly started with program text:
|	ldi $r0 0x0040          #$v0
|	ldi $r1 0x0101          #$v1 
|	sl $r1 4
|	ldi $r2 0x000f          #$v2
|	ldi $r3 0x00f0          #$v3
|	ldi $r4 0x0000          #$t0
|	ldi $r5 0x0010          #$a0
|	ldi $r6 0x0005          #$a1
|	
|	LO: move $r6 $r6        
|	brnz EXIT                                       # while $a1 > 0
|	
|	        subi $r6 1                              # $a1 -= 1
|	        ldr $r4 $r6                             # $t0 = Mem[$a0]
|	
|	        subi $r4 0x0100
|	        brp THEN
|	        brnz ELSE                               # if ($t0 > 0100hex)
|	
|	                THEN: 
|	                        divi $r0 8              # $v0 /= 8
|	                        or $r1 $r1 $r0          # $v3 |= $v2
|	                        sti $r5 0x00ff             
|	                        sl $r5 8                # Mem[$a0] = FF00hex;
|	                        jmp FI
|	                ELSE: 
|	                        muli $r2 4
|	                        xor $r3 $r3 $r2
|	                        sti $r5 0x00ff
|	                        jmp FI
|	        FI: addi $r5 2
|	        jmp LO
|	
|	EXIT: halt
[2025-10-21 07:14:48] [INFO] [assembler.py] Program text formatted. Result:
|	ldi $r0 0x0040
|	ldi $r1 0x0101
|	sl $r1 4
|	ldi $r2 0x000f
|	ldi $r3 0x00f0
|	ldi $r4 0x0000
|	ldi $r5 0x0010
|	ldi $r6 0x0005
|	LO: move $r6 $r6
|	brnz EXIT
|	subi $r6 1
|	ldr $r4 $r6
|	subi $r4 0x0100
|	brp THEN
|	brnz ELSE
|	THEN: divi $r0 8
|	or $r1 $r1 $r0
|	sti $r5 0x00ff
|	sl $r5 8
|	jmp FI
|	ELSE: muli $r2 4
|	xor $r3 $r3 $r2
|	sti $r5 0x00ff
|	jmp FI
|	FI: addi $r5 2
|	jmp LO
|	EXIT: halt
[2025-10-21 07:14:48] [INFO] [assembler.py] Translation first pass complete. First pass translation table:
|	[['1100', '000', '001000000'], ['1100', '001', '100000001'], ['0111', '001', '000000100'], ['1100', '010', '000001111'], ['1100', '011', '011110000'], ['1100', '100', '000000000'], ['1100', '101', '000010000'], ['1100', '110', '000000101'], ['1010', '110', '110', '000', '000'], ['0000', '110', 'EXIT'], ['0100', '110', '000000001'], ['1010', '100', '110', '000', '001'], ['0100', '100', '100000000'], ['0000', '001', 'THEN'], ['0000', '110', 'ELSE'], ['0110', '000', '000001000'], ['0010', '001', '001', '000', '010'], ['1011', '101', '011111111'], ['0111', '101', '000001000'], ['1111', 'FI'], ['0101', '010', '000000100'], ['0010', '011', '011', '010', '011'], ['1011', '101', '011111111'], ['1111', 'FI'], ['0011', '101', '000000010'], ['1111', 'LO'], ['1010', '000', '000', '000', '111']]
[2025-10-21 07:14:48] [INFO] [assembler.py] Label LUT:
|	[[8, 'LO'], [15, 'THEN'], [20, 'ELSE'], [24, 'FI'], [26, 'EXIT']]
[2025-10-21 07:14:48] [INFO] [assembler.py] Label linking complete. Merging translation table to binary...
[2025-10-21 07:14:48] [INFO] [assembler.py] Merge complete. Binary string is: 110000000100000011000011000000010111001000000100110001000000111111000110111100001100100000000000110010100001000011001100000001011010110110000000000011000001111001001100000000011010100110000001010010010000000000000010000000000000110000001000011000000000100000100010010000101011101011111111011110100000100011110000000001100101010000000100001001101101001110111010111111111111111111111110001110100000001011111111110110101010000000000111
[2025-10-21 07:15:15] [INFO] [assembler.py] Assembly started with program text:
|	ldi $r0 0x0040          #$v0
|	ldi $r1 0x0101          #$v1 
|	sl $r1 4
|	ldi $r2 0x000f          #$v2
|	ldi $r3 0x00f0          #$v3
|	ldi $r4 0x0000          #$t0
|	ldi $r5 0x0010          #$a0
|	ldi $r6 0x0005          #$a1
|	
|	LO: move $r6 $r6        
|	brnz EXIT                                       # while $a1 > 0
|	
|	        subi $r6 1                              # $a1 -= 1
|	        ldr $r4 $r6                             # $t0 = Mem[$a0]
|	
|	        subi $r4 0x0100
|	        brp THEN
|	        brnz ELSE                               # if ($t0 > 0100hex)
|	
|	                THEN: 
|	                        divi $r0 8              # $v0 /= 8
|	                        or $r1 $r1 $r0          # $v3 |= $v2
|	                        sti $r5 0x00ff             
|	                        sl $r5 8                # Mem[$a0] = FF00hex;
|	                        jmp FI
|	                ELSE: 
|	                        muli $r2 4
|	                        xor $r3 $r3 $r2
|	                        sti $r5 0x00ff
|	                        jmp FI
|	        FI: addi $r5 2
|	        jmp LO
|	
|	EXIT: halt
[2025-10-21 07:15:15] [INFO] [assembler.py] Program text formatted. Result:
|	ldi $r0 0x0040
|	ldi $r1 0x0101
|	sl $r1 4
|	ldi $r2 0x000f
|	ldi $r3 0x00f0
|	ldi $r4 0x0000
|	ldi $r5 0x0010
|	ldi $r6 0x0005
|	LO: move $r6 $r6
|	brnz EXIT
|	subi $r6 1
|	ldr $r4 $r6
|	subi $r4 0x0100
|	brp THEN
|	brnz ELSE
|	THEN: divi $r0 8
|	or $r1 $r1 $r0
|	sti $r5 0x00ff
|	sl $r5 8
|	jmp FI
|	ELSE: muli $r2 4
|	xor $r3 $r3 $r2
|	sti $r5 0x00ff
|	jmp FI
|	FI: addi $r5 2
|	jmp LO
|	EXIT: halt
[2025-10-21 07:15:15] [INFO] [assembler.py] Translation first pass complete. First pass translation table:
|	[['1100', '000', '001000000'], ['1100', '001', '100000001'], ['0111', '001', '000000100'], ['1100', '010', '000001111'], ['1100', '011', '011110000'], ['1100', '100', '000000000'], ['1100', '101', '000010000'], ['1100', '110', '000000101'], ['1010', '110', '110', '000', '000'], ['0000', '110', 'EXIT'], ['0100', '110', '000000001'], ['1010', '100', '110', '000', '001'], ['0100', '100', '100000000'], ['0000', '001', 'THEN'], ['0000', '110', 'ELSE'], ['0110', '000', '000001000'], ['0010', '001', '001', '000', '010'], ['1011', '101', '011111111'], ['0111', '101', '000001000'], ['1111', 'FI'], ['0101', '010', '000000100'], ['0010', '011', '011', '010', '011'], ['1011', '101', '011111111'], ['1111', 'FI'], ['0011', '101', '000000010'], ['1111', 'LO'], ['1010', '000', '000', '000', '111']]
[2025-10-21 07:15:15] [INFO] [assembler.py] Label LUT:
|	[[8, 'LO'], [15, 'THEN'], [20, 'ELSE'], [24, 'FI'], [26, 'EXIT']]
[2025-10-21 07:15:15] [INFO] [assembler.py] Label linking complete. Merging translation table to binary...
[2025-10-21 07:15:15] [INFO] [assembler.py] Merge complete. Binary string is: 110000000100000011000011000000010111001000000100110001000000111111000110111100001100100000000000110010100001000011001100000001011010110110000000000011000001111001001100000000011010100110000001010010010000000000000010000000000000110000001000011000000000100000100010010000101011101011111111011110100000100011110000000001100101010000000100001001101101001110111010111111111111111111111110001110100000001011111111110110101010000000000111
[2025-10-21 07:15:26] [INFO] [assembler.py] Assembly started with program text:
|	ldi $r0 0x0040          #$v0
|	ldi $r1 0x0101          #$v1 
|	sl $r1 4
|	ldi $r2 0x000f          #$v2
|	ldi $r3 0x00f0          #$v3
|	ldi $r4 0x0000          #$t0
|	ldi $r5 0x0010          #$a0
|	ldi $r6 0x0005          #$a1
|	
|	LO: move $r6 $r6        
|	brnz EXIT                                       # while $a1 > 0
|	
|	        subi $r6 1                              # $a1 -= 1
|	        ldr $r4 $r6                             # $t0 = Mem[$a0]
|	
|	        subi $r4 0x0100
|	        brp THEN
|	        brnz ELSE                               # if ($t0 > 0100hex)
|	
|	                THEN: 
|	                        divi $r0 8              # $v0 /= 8
|	                        or $r1 $r1 $r0          # $v3 |= $v2
|	                        sti $r5 0x00ff             
|	                        sl $r5 8                # Mem[$a0] = FF00hex;
|	                        jmp FI
|	                ELSE: 
|	                        muli $r2 4
|	                        xor $r3 $r3 $r2
|	                        sti $r5 0x00ff
|	                        jmp FI
|	        FI: addi $r5 2
|	        jmp LO
|	
|	EXIT: halt
[2025-10-21 07:15:26] [INFO] [assembler.py] Program text formatted. Result:
|	ldi $r0 0x0040
|	ldi $r1 0x0101
|	sl $r1 4
|	ldi $r2 0x000f
|	ldi $r3 0x00f0
|	ldi $r4 0x0000
|	ldi $r5 0x0010
|	ldi $r6 0x0005
|	LO: move $r6 $r6
|	brnz EXIT
|	subi $r6 1
|	ldr $r4 $r6
|	subi $r4 0x0100
|	brp THEN
|	brnz ELSE
|	THEN: divi $r0 8
|	or $r1 $r1 $r0
|	sti $r5 0x00ff
|	sl $r5 8
|	jmp FI
|	ELSE: muli $r2 4
|	xor $r3 $r3 $r2
|	sti $r5 0x00ff
|	jmp FI
|	FI: addi $r5 2
|	jmp LO
|	EXIT: halt
[2025-10-21 07:15:26] [INFO] [assembler.py] Translation first pass complete. First pass translation table:
|	[['1100', '000', '001000000'], ['1100', '001', '100000001'], ['0111', '001', '000000100'], ['1100', '010', '000001111'], ['1100', '011', '011110000'], ['1100', '100', '000000000'], ['1100', '101', '000010000'], ['1100', '110', '000000101'], ['1010', '110', '110', '000', '000'], ['0000', '110', 'EXIT'], ['0100', '110', '000000001'], ['1010', '100', '110', '000', '001'], ['0100', '100', '100000000'], ['0000', '001', 'THEN'], ['0000', '110', 'ELSE'], ['0110', '000', '000001000'], ['0010', '001', '001', '000', '010'], ['1011', '101', '011111111'], ['0111', '101', '000001000'], ['1111', 'FI'], ['0101', '010', '000000100'], ['0010', '011', '011', '010', '011'], ['1011', '101', '011111111'], ['1111', 'FI'], ['0011', '101', '000000010'], ['1111', 'LO'], ['1010', '000', '000', '000', '111']]
[2025-10-21 07:15:26] [INFO] [assembler.py] Label LUT:
|	[[8, 'LO'], [15, 'THEN'], [20, 'ELSE'], [24, 'FI'], [26, 'EXIT']]
[2025-10-21 07:15:26] [INFO] [assembler.py] Label linking complete. Merging translation table to binary...
[2025-10-21 07:15:26] [INFO] [assembler.py] Merge complete. Binary string is: 110000000100000011000011000000010111001000000100110001000000111111000110111100001100100000000000110010100001000011001100000001011010110110000000000011000001111001001100000000011010100110000001010010010000000000000010000000000000110000001000011000000000100000100010010000101011101011111111011110100000100011110000000001100101010000000100001001101101001110111010111111111111111111111110001110100000001011111111110110101010000000000111
[2025-10-21 07:16:46] [INFO] [assembler.py] Assembly started with program text:
|	ldi $r0 0x0040          #$v0
|	ldi $r1 0x0101          #$v1 
|	sl $r1 4
|	ldi $r2 0x000f          #$v2
|	ldi $r3 0x00f0          #$v3
|	ldi $r4 0x0000          #$t0
|	ldi $r5 0x0010          #$a0
|	ldi $r6 0x0005          #$a1
|	
|	LO: move $r6 $r6        
|	brnz EXIT                                       # while $a1 > 0
|	
|	        subi $r6 1                              # $a1 -= 1
|	        ldr $r4 $r6                             # $t0 = Mem[$a0]
|	
|	        subi $r4 0x0100
|	        brp THEN
|	        brnz ELSE                               # if ($t0 > 0100hex)
|	
|	                THEN: 
|	                        divi $r0 8              # $v0 /= 8
|	                        or $r1 $r1 $r0          # $v3 |= $v2
|	                        sti $r5 0x00ff             
|	                        sl $r5 8                # Mem[$a0] = FF00hex;
|	                        jmp FI
|	                ELSE: 
|	                        muli $r2 4
|	                        xor $r3 $r3 $r2
|	                        sti $r5 0x00ff
|	                        jmp FI
|	        FI: addi $r5 2
|	        jmp LO
|	
|	EXIT: halt
[2025-10-21 07:16:46] [INFO] [assembler.py] Program text formatted. Result:
|	ldi $r0 0x0040
|	ldi $r1 0x0101
|	sl $r1 4
|	ldi $r2 0x000f
|	ldi $r3 0x00f0
|	ldi $r4 0x0000
|	ldi $r5 0x0010
|	ldi $r6 0x0005
|	LO: move $r6 $r6
|	brnz EXIT
|	subi $r6 1
|	ldr $r4 $r6
|	subi $r4 0x0100
|	brp THEN
|	brnz ELSE
|	THEN: divi $r0 8
|	or $r1 $r1 $r0
|	sti $r5 0x00ff
|	sl $r5 8
|	jmp FI
|	ELSE: muli $r2 4
|	xor $r3 $r3 $r2
|	sti $r5 0x00ff
|	jmp FI
|	FI: addi $r5 2
|	jmp LO
|	EXIT: halt
[2025-10-21 07:16:46] [INFO] [assembler.py] Translation first pass complete. First pass translation table:
|	[['1100', '000', '001000000'], ['1100', '001', '100000001'], ['0111', '001', '000000100'], ['1100', '010', '000001111'], ['1100', '011', '011110000'], ['1100', '100', '000000000'], ['1100', '101', '000010000'], ['1100', '110', '000000101'], ['1010', '110', '110', '000', '000'], ['0000', '110', 'EXIT'], ['0100', '110', '000000001'], ['1010', '100', '110', '000', '001'], ['0100', '100', '100000000'], ['0000', '001', 'THEN'], ['0000', '110', 'ELSE'], ['0110', '000', '000001000'], ['0010', '001', '001', '000', '010'], ['1011', '101', '011111111'], ['0111', '101', '000001000'], ['1111', 'FI'], ['0101', '010', '000000100'], ['0010', '011', '011', '010', '011'], ['1011', '101', '011111111'], ['1111', 'FI'], ['0011', '101', '000000010'], ['1111', 'LO'], ['1010', '000', '000', '000', '111']]
[2025-10-21 07:16:46] [INFO] [assembler.py] Label LUT:
|	[[8, 'LO'], [15, 'THEN'], [20, 'ELSE'], [24, 'FI'], [26, 'EXIT']]
[2025-10-21 07:16:46] [INFO] [assembler.py] Label linking complete. Merging translation table to binary...
[2025-10-21 07:16:46] [INFO] [assembler.py] Merge complete. Binary string is: 110000000100000011000011000000010111001000000100110001000000111111000110111100001100100000000000110010100001000011001100000001011010110110000000000011000001111001001100000000011010100110000001010010010000000000000010000000000000110000001000011000000000100000100010010000101011101011111111011110100000100011110000000001100101010000000100001001101101001110111010111111111111111111111110001110100000001011111111110110101010000000000111
[2025-10-21 07:39:37] [INFO] [assembler.py] Assembly started with program text:
|	ldi $r0 0x0040          #$v0
|	ldi $r1 0x0101          #$v1 
|	sl $r1 4
|	ldi $r2 0x000f          #$v2
|	ldi $r3 0x00f0          #$v3
|	ldi $r4 0x0000          #$t0
|	ldi $r5 0x0010          #$a0
|	ldi $r6 0x0005          #$a1
|	
|	LO: move $r6 $r6        
|	brnz EXIT                                       # while $a1 > 0
|	
|	        subi $r6 1                              # $a1 -= 1
|	        ldr $r4 $r6                             # $t0 = Mem[$a0]
|	
|	        subi $r4 0x0100
|	        brnz ELSE                               # if ($t0 > 0100hex)
|	                        divi $r0 8              # $v0 /= 8
|	                        or $r1 $r1 $r0          # $v3 |= $v2
|	                        sti $r5 0x00ff             
|	                        sl $r5 8                # Mem[$a0] = FF00hex;
|	                        jmp FI
|	                ELSE: 
|	                        muli $r2 4
|	                        xor $r3 $r3 $r2
|	                        sti $r5 0x00ff
|	        FI: addi $r5 2
|	        jmp LO
|	
|	EXIT: halt
[2025-10-21 07:39:37] [INFO] [assembler.py] Program text formatted. Result:
|	ldi $r0 0x0040
|	ldi $r1 0x0101
|	sl $r1 4
|	ldi $r2 0x000f
|	ldi $r3 0x00f0
|	ldi $r4 0x0000
|	ldi $r5 0x0010
|	ldi $r6 0x0005
|	LO: move $r6 $r6
|	brnz EXIT
|	subi $r6 1
|	ldr $r4 $r6
|	subi $r4 0x0100
|	brnz ELSE
|	divi $r0 8
|	or $r1 $r1 $r0
|	sti $r5 0x00ff
|	sl $r5 8
|	jmp FI
|	ELSE: muli $r2 4
|	xor $r3 $r3 $r2
|	sti $r5 0x00ff
|	FI: addi $r5 2
|	jmp LO
|	EXIT: halt
[2025-10-21 07:39:37] [INFO] [assembler.py] Translation first pass complete. First pass translation table:
|	[['1100', '000', '001000000'], ['1100', '001', '100000001'], ['0111', '001', '000000100'], ['1100', '010', '000001111'], ['1100', '011', '011110000'], ['1100', '100', '000000000'], ['1100', '101', '000010000'], ['1100', '110', '000000101'], ['1010', '110', '110', '000', '000'], ['0000', '110', 'EXIT'], ['0100', '110', '000000001'], ['1010', '100', '110', '000', '001'], ['0100', '100', '100000000'], ['0000', '110', 'ELSE'], ['0110', '000', '000001000'], ['0010', '001', '001', '000', '010'], ['1011', '101', '011111111'], ['0111', '101', '000001000'], ['1111', 'FI'], ['0101', '010', '000000100'], ['0010', '011', '011', '010', '011'], ['1011', '101', '011111111'], ['0011', '101', '000000010'], ['1111', 'LO'], ['1010', '000', '000', '000', '111']]
[2025-10-21 07:39:37] [INFO] [assembler.py] Label LUT:
|	[[8, 'LO'], [19, 'ELSE'], [22, 'FI'], [24, 'EXIT']]
[2025-10-21 07:39:37] [INFO] [assembler.py] Label linking complete. Merging translation table to binary...
[2025-10-21 07:39:37] [INFO] [assembler.py] Merge complete. Binary string is: 1100000001000000110000110000000101110010000001001100010000001111110001101111000011001000000000001100101000010000110011000000010110101101100000000000110000011100010011000000000110101001100000010100100100000000000011000000101001100000000010000010001001000010101110101111111101111010000010001111000000000110010101000000010000100110110100111011101011111111001110100000001011111111111000001010000000000111
